<?xml version="1.0" encoding="UTF-8"?>
<!-- Generated by org.testng.reporters.JUnitReportReporter -->
<testsuite hostname="MacBook-Pro-de-Yamil.local" name="mx.com.banamex.migefetivo.persistencia.dao.test.HelloWorldTest" tests="1" failures="1" timestamp="24 Sep 2013 22:12:11 GMT" time="0.001" errors="0">
  <testcase name="hello" time="0.001" classname="mx.com.banamex.migefetivo.persistencia.dao.test.HelloWorldTest">
    <failure type="javax.ejb.EJBException" message="Failed to deploy EJB modules - see log for details">
      <![CDATA[javax.ejb.EJBException: Failed to deploy EJB modules - see log for details
	at org.glassfish.ejb.embedded.EJBContainerImpl.deploy(EJBContainerImpl.java:150)
	at org.glassfish.ejb.embedded.EJBContainerProviderImpl.createEJBContainer(EJBContainerProviderImpl.java:134)
	at javax.ejb.embeddable.EJBContainer.createEJBContainer(EJBContainer.java:127)
	at javax.ejb.embeddable.EJBContainer.createEJBContainer(EJBContainer.java:102)
	at mx.com.banamex.migefetivo.persistencia.dao.test.HelloWorldTest.setUpClass(HelloWorldTest.java:22)
	at sun.reflect.NativeMethodAccessorImpl.invoke0(Native Method)
	at sun.reflect.NativeMethodAccessorImpl.invoke(NativeMethodAccessorImpl.java:57)
	at sun.reflect.DelegatingMethodAccessorImpl.invoke(DelegatingMethodAccessorImpl.java:43)
	at java.lang.reflect.Method.invoke(Method.java:606)
	at org.testng.internal.MethodInvocationHelper.invokeMethod(MethodInvocationHelper.java:80)
	at org.testng.internal.Invoker.invokeConfigurationMethod(Invoker.java:543)
	at org.testng.internal.Invoker.invokeConfigurations(Invoker.java:212)
	at org.testng.internal.Invoker.invokeConfigurations(Invoker.java:138)
	at org.testng.internal.TestMethodWorker.invokeBeforeClassMethods(TestMethodWorker.java:175)
	at org.testng.internal.TestMethodWorker.run(TestMethodWorker.java:107)
	at org.testng.TestRunner.privateRun(TestRunner.java:754)
	at org.testng.TestRunner.run(TestRunner.java:614)
	at org.testng.SuiteRunner.runTest(SuiteRunner.java:335)
	at org.testng.SuiteRunner.runSequentially(SuiteRunner.java:330)
	at org.testng.SuiteRunner.privateRun(SuiteRunner.java:292)
	at org.testng.SuiteRunner.run(SuiteRunner.java:241)
	at org.testng.SuiteRunnerWorker.runSuite(SuiteRunnerWorker.java:52)
	at org.testng.SuiteRunnerWorker.run(SuiteRunnerWorker.java:86)
	at org.testng.TestNG.runSuitesSequentially(TestNG.java:1169)
	at org.testng.TestNG.runSuitesLocally(TestNG.java:1094)
	at org.testng.TestNG.run(TestNG.java:1006)
	at org.testng.remote.RemoteTestNG.run(RemoteTestNG.java:107)
	at org.testng.remote.RemoteTestNG.initAndRun(RemoteTestNG.java:199)
	at org.testng.remote.RemoteTestNG.main(RemoteTestNG.java:170)
]]>
    </failure>
  </testcase>
</testsuite>
